<?xml version="1.0" encoding="UTF-8" ?>
<testsuite tests="13" failures="0" name="temp.jbehave.AcceptanceTestSuite" time="18.975" errors="0" skipped="0">
  <properties>
[...]
</properties>
  <testcase classname="java.lang.Object" name="BeforeStories" time="0.011"/>
  <testcase classname="temp.jbehave.DefinitionSteps" name="Given Main page is opened" time="8.182"/>
  <testcase classname="temp.jbehave.DefinitionSteps" name="When User clicks create new contact button" time="0.63"/>
  <testcase classname="temp.jbehave.DefinitionSteps" name="And User fill fields with title &lt;title&gt; email &lt;email&gt; and phone number &lt;phone&gt;" time="1.993"/>
  <testcase classname="temp.jbehave.DefinitionSteps" name="And Submit create form" time="0.661"/>
  <testcase classname="temp.jbehave.DefinitionSteps" name="Then New contact &lt;title&gt; created and displayed on main page" time="0.383"/>
  <testcase classname="Scenario: Adding a new contact" name="Scenario: Adding a new contact" time="0.55"/>
  <testcase classname="temp.jbehave.DefinitionSteps" name="Given Main page is opened\u200B" time="0.955"/>
  <testcase classname="temp.jbehave.DefinitionSteps" name="When Click delete buttn for contact &lt;contact&gt;" time="0.545"/>
  <testcase classname="temp.jbehave.DefinitionSteps" name="Then New contact &lt;contact&gt; deleted and not displayed on main page" time="0.412"/>
  <testcase classname="Scenario: Deleting contact" name="Scenario: Deleting contact" time="0.542"/>
  <testcase classname="AddApplications.story" name="AddApplications.story" time="0.543"/>
  <testcase classname="java.lang.Object" name="AfterStories" time="0.004"/>
</testsuite>